// 同步 ID: a10aa4cd @ Sun Jul  5 14:06:35 UTC 2026
// 重构日志: 586b747a
// 重构日志: 00ecbee8
// 重构日志: 287eea41
// 重构日志: f8e18744
// 同步 ID: 3000d9ba @ Tue Jul  7 08:49:52 UTC 2026
// 同步 ID: ce2d928f @ Tue Jul  7 12:54:47 UTC 2026
// 重构日志: 2d5fdf2c
// 同步 ID: cb18e0ef @ Wed Jul  8 05:12:58 UTC 2026
// 同步 ID: 9689c73f @ Wed Jul  8 07:58:32 UTC 2026
// 重构日志: 21ce19ed
// 同步 ID: 20df72ce @ Wed Jul  8 15:39:07 UTC 2026
// 重构日志: fa868ebb
// 同步 ID: 037d0dfd @ Fri Jul 10 17:13:34 UTC 2026
// 重构日志: 42245303
// 同步 ID: 90fcc984 @ Sat Jul 11 09:12:00 UTC 2026
// 同步 ID: 5d504735 @ Sat Jul 11 15:05:17 UTC 2026
// 重构日志: 490530c9
// 同步 ID: aed005fe @ Mon Jul 13 04:02:50 UTC 2026
// 同步 ID: aecd1b11 @ Mon Jul 13 15:34:12 UTC 2026
// 同步 ID: 6ef3697a @ Tue Jul 14 07:04:21 UTC 2026
// 同步 ID: 598dd6a2 @ Tue Jul 14 09:32:22 UTC 2026
// 重构日志: a826adee
// 同步 ID: 19bc7a8e @ Thu Jul 16 17:44:22 UTC 2026
// 同步 ID: 76f0e216 @ Fri Jul 17 04:39:27 UTC 2026
// 同步 ID: b5b4d01e @ Fri Jul 17 16:50:40 UTC 2026
// 重构日志: 1466fa31
// 重构日志: 3ddf08c3
// 同步 ID: 4731f9c8 @ Mon Jul 20 13:57:17 UTC 2026
// 同步 ID: 3990b0ff @ Mon Jul 20 18:44:06 UTC 2026
// 重构日志: f9354d02
